cl : línea de comandos  warning D9025: invalidando '/GR-' con '/GR'
cl : línea de comandos  warning D9002: se omite la opción desconocida '/G+'
  main.cpp
C:\Users\evasa\OneDrive\Documentos\Universidad\Fisica\ProyectoFinal\common\PhysX-3.4\PxShared\include\task\PxTask.h(329,1): warning C5220: "physx::PxLightCpuTask::mRefCount": un miembro de datos no estático con un tipo calificado volátil ya no implica
           que los constructores de copia/movimiento generados por el compilador y los operadores de asignación de copia o movimiento no sean triviales
C:\Users\evasa\OneDrive\Documentos\Universidad\Fisica\ProyectoFinal\common\PhysX-3.4\PxShared\include\task\PxTask.h(326): message : vea la declaración de 'physx::PxLightCpuTask::mRefCount'
C:\Users\evasa\OneDrive\Documentos\Universidad\Fisica\ProyectoFinal\skeleton\ParticleGenerator.h(37,3): warning C4265: "ParticleGenerator": la clase tiene funciones virtuales, pero su destructor no trivial no es virtual; puede que las instancias de esta clase no se destruyan correctamente
C:\Users\evasa\OneDrive\Documentos\Universidad\Fisica\ProyectoFinal\skeleton\ParticleGenerator.h(68,1): warning C4265: "GaussianParticleGenerator": la clase tiene funciones virtuales, pero su destructor no trivial no es virtual; puede que las instancias de esta clase no se destruyan correctamente
C:\Users\evasa\OneDrive\Documentos\Universidad\Fisica\ProyectoFinal\skeleton\ParticleGenerator.h(84,1): warning C4265: "UniformParticleGenerator": la clase tiene funciones virtuales, pero su destructor no trivial no es virtual; puede que las instancias de esta clase no se destruyan correctamente
C:\Users\evasa\OneDrive\Documentos\Universidad\Fisica\ProyectoFinal\skeleton\ParticleGenerator.h(104,1): warning C4265: "SphereParticleGenerator": la clase tiene funciones virtuales, pero su destructor no trivial no es virtual; puede que las instancias de esta clase no se destruyan correctamente
C:\Users\evasa\OneDrive\Documentos\Universidad\Fisica\ProyectoFinal\skeleton\ForceGenerator.h(28,1): warning C4265: "ForceGenerator": la clase tiene funciones virtuales, pero su destructor no trivial no es virtual; puede que las instancias de esta clase no se destruyan correctamente
C:\Users\evasa\OneDrive\Documentos\Universidad\Fisica\ProyectoFinal\skeleton\ForceGenerator.h(41,3): warning C4265: "GravityForceGenerator": la clase tiene funciones virtuales, pero su destructor no trivial no es virtual; puede que las instancias de esta clase no se destruyan correctamente
C:\Users\evasa\OneDrive\Documentos\Universidad\Fisica\ProyectoFinal\skeleton\ForceGenerator.h(119,1): warning C4265: "SpringForceGenerator": la clase tiene funciones virtuales, pero su destructor no trivial no es virtual; puede que las instancias de esta clase no se destruyan correctamente
C:\Users\evasa\OneDrive\Documentos\Universidad\Fisica\ProyectoFinal\skeleton\ForceGenerator.h(128,3): warning C4265: "AnchoredSpringFG": la clase tiene funciones virtuales, pero su destructor no trivial no es virtual; puede que las instancias de esta clase no se destruyan correctamente
C:\Users\evasa\OneDrive\Documentos\Universidad\Fisica\ProyectoFinal\skeleton\ForceGenerator.h(138,3): warning C4265: "ElasticForce": la clase tiene funciones virtuales, pero su destructor no trivial no es virtual; puede que las instancias de esta clase no se destruyan correctamente
C:\Users\evasa\OneDrive\Documentos\Universidad\Fisica\ProyectoFinal\skeleton\ForceGenerator.h(157,3): warning C4265: "BungeeForceGenerator": la clase tiene funciones virtuales, pero su destructor no trivial no es virtual; puede que las instancias de esta clase no se destruyan correctamente
C:\Users\evasa\OneDrive\Documentos\Universidad\Fisica\ProyectoFinal\skeleton\ForceGenerator.h(171,3): warning C4265: "ParticleDragGenerator": la clase tiene funciones virtuales, pero su destructor no trivial no es virtual; puede que las instancias de esta clase no se destruyan correctamente
C:\Users\evasa\OneDrive\Documentos\Universidad\Fisica\ProyectoFinal\skeleton\RigidBodyForceGenerator.h(18,1): warning C5204: "RigidBodyForceGenerator": la clase tiene funciones virtuales, pero su destructor trivial no es virtual; puede que las instancias de objetos derivados de esta clase no se destruyan correctamente
C:\Users\evasa\OneDrive\Documentos\Universidad\Fisica\ProyectoFinal\skeleton\RigidBodyForceGenerator.h(31,3): warning C4265: "GravityForceRigidbodyGenerator": la clase tiene funciones virtuales, pero su destructor no trivial no es virtual; puede que las instancias de esta clase no se destruyan correctamente
C:\Users\evasa\OneDrive\Documentos\Universidad\Fisica\ProyectoFinal\skeleton\RigidBodyForceGenerator.h(35,42): warning C4100: 't': parámetro formal sin referencia
C:\Users\evasa\OneDrive\Documentos\Universidad\Fisica\ProyectoFinal\skeleton\RigidBodyForceGenerator.h(76,1): warning C5204: "WindForceRigidbodyGenerator": la clase tiene funciones virtuales, pero su destructor trivial no es virtual; puede que las instancias de objetos derivados de esta clase no se destruyan correctamente
C:\Users\evasa\OneDrive\Documentos\Universidad\Fisica\ProyectoFinal\skeleton\RigidBodyForceGenerator.h(65,42): warning C4100: 't': parámetro formal sin referencia
C:\Users\evasa\OneDrive\Documentos\Universidad\Fisica\ProyectoFinal\skeleton\RigidBodyForceGenerator.h(104,1): warning C5204: "TornadeForceRigidbodyGenerator": la clase tiene funciones virtuales, pero su destructor trivial no es virtual; puede que las instancias de objetos derivados de esta clase no se destruyan correctamente
C:\Users\evasa\OneDrive\Documentos\Universidad\Fisica\ProyectoFinal\skeleton\RigidBodyForceGenerator.h(134,1): warning C5204: "ExplosionForceRigidbodyGenerator": la clase tiene funciones virtuales, pero su destructor trivial no es virtual; puede que las instancias de objetos derivados de esta clase no se destruyan correctamente
C:\Users\evasa\OneDrive\Documentos\Universidad\Fisica\ProyectoFinal\skeleton\RigidBodyForceGenerator.h(165,1): warning C5204: "SpringForceRigidbodyGenerator": la clase tiene funciones virtuales, pero su destructor trivial no es virtual; puede que las instancias de objetos derivados de esta clase no se destruyan correctamente
C:\Users\evasa\OneDrive\Documentos\Universidad\Fisica\ProyectoFinal\skeleton\RigidBodyForceGenerator.h(154,42): warning C4100: 't': parámetro formal sin referencia
C:\Users\evasa\OneDrive\Documentos\Universidad\Fisica\ProyectoFinal\skeleton\RigidBodyForceGenerator.h(207,1): warning C5204: "BungeeForceRigidbodyGenerator": la clase tiene funciones virtuales, pero su destructor trivial no es virtual; puede que las instancias de objetos derivados de esta clase no se destruyan correctamente
C:\Users\evasa\OneDrive\Documentos\Universidad\Fisica\ProyectoFinal\skeleton\RigidBodyForceGenerator.h(188,42): warning C4100: 't': parámetro formal sin referencia
C:\Users\evasa\OneDrive\Documentos\Universidad\Fisica\ProyectoFinal\skeleton\RigidbodyGenerator.h(37,3): warning C4265: "RigidBodyGenerator": la clase tiene funciones virtuales, pero su destructor no trivial no es virtual; puede que las instancias de esta clase no se destruyan correctamente
C:\Users\evasa\OneDrive\Documentos\Universidad\Fisica\ProyectoFinal\skeleton\RigidbodyGenerator.h(57,1): warning C4265: "UniformBodyGenerator": la clase tiene funciones virtuales, pero su destructor no trivial no es virtual; puede que las instancias de esta clase no se destruyan correctamente
C:\Users\evasa\OneDrive\Documentos\Universidad\Fisica\ProyectoFinal\skeleton\RigidbodyGenerator.h(72,1): warning C4265: "GaussianBodyGenerator": la clase tiene funciones virtuales, pero su destructor no trivial no es virtual; puede que las instancias de esta clase no se destruyan correctamente
C:\Users\evasa\OneDrive\Documentos\Universidad\Fisica\ProyectoFinal\skeleton\RigidbodySystem.h(34,3): warning C4265: "RigidbodySystem": la clase tiene funciones virtuales, pero su destructor no trivial no es virtual; puede que las instancias de esta clase no se destruyan correctamente
C:\Users\evasa\OneDrive\Documentos\Universidad\Fisica\ProyectoFinal\skeleton\Avion.h(34,21): warning C4100: 't': parámetro formal sin referencia
C:\Users\evasa\OneDrive\Documentos\Universidad\Fisica\ProyectoFinal\skeleton\main.cpp(146,12): warning C5219: conversión implícita de "int" a "float"; posible pérdida de datos
C:\Users\evasa\OneDrive\Documentos\Universidad\Fisica\ProyectoFinal\skeleton\main.cpp(127,15): warning C4189: 'copa': la variable local se ha inicializado pero no se hace referencia a ella
C:\Users\evasa\OneDrive\Documentos\Universidad\Fisica\ProyectoFinal\skeleton\main.cpp(125,15): warning C4189: 'tronco': la variable local se ha inicializado pero no se hace referencia a ella
C:\Users\evasa\OneDrive\Documentos\Universidad\Fisica\ProyectoFinal\skeleton\main.cpp(135,15): warning C4189: 'globo': la variable local se ha inicializado pero no se hace referencia a ella
C:\Users\evasa\OneDrive\Documentos\Universidad\Fisica\ProyectoFinal\skeleton\main.cpp(143,15): warning C4189: 'nube': la variable local se ha inicializado pero no se hace referencia a ella
C:\Users\evasa\OneDrive\Documentos\Universidad\Fisica\ProyectoFinal\skeleton\Rigidbody.h(69): warning C4701: posiblemente se utilizó la variable local 'shape' sin inicializar
C:\Users\evasa\OneDrive\Documentos\Universidad\Fisica\ProyectoFinal\skeleton\Rigidbody.h(69): warning C4703: posiblemente se utilizó la variable de puntero local 'shape' sin inicializar
C:\Users\evasa\OneDrive\Documentos\Universidad\Fisica\ProyectoFinal\skeleton\Rigidbody.h(104): warning C4701: posiblemente se utilizó la variable local 'shape' sin inicializar
C:\Users\evasa\OneDrive\Documentos\Universidad\Fisica\ProyectoFinal\skeleton\Rigidbody.h(104): warning C4703: posiblemente se utilizó la variable de puntero local 'shape' sin inicializar
  game.vcxproj -> C:\Users\evasa\OneDrive\Documentos\Universidad\Fisica\ProyectoFinal\bin\gameDEBUG.exe
